<?xml version="1.0" encoding="UTF-8"?>
<testsuite xmlns:xsi="http://www.w3.org/2001/XMLSchema-instance" xsi:noNamespaceSchemaLocation="https://maven.apache.org/surefire/maven-surefire-plugin/xsd/surefire-test-report.xsd" name="co.edu.unicauca.mvc.plugins.envioEmailTest" time="4.486" tests="1" errors="0" skipped="0" failures="0">
  <properties>
    <property name="java.specification.version" value="22"/>
    <property name="sun.cpu.isalist" value="amd64"/>
    <property name="sun.jnu.encoding" value="Cp1252"/>
    <property name="java.class.path" value="C:\Users\thali\OneDrive\Documentos\LAB_SOFTWARE_II\PROYECTO-LABORATORIO\aplicacion_CRUD_capas_mvc\aplicacion_capas_mvc\target\test-classes;C:\Users\thali\OneDrive\Documentos\LAB_SOFTWARE_II\PROYECTO-LABORATORIO\aplicacion_CRUD_capas_mvc\aplicacion_capas_mvc\target\classes;C:\Users\thali\.m2\repository\co\edu\unicauca\microkernel\plugins\mkPlugin\mkPlugin\1.0\mkPlugin-1.0.jar;C:\Users\thali\.m2\repository\com\sun\mail\javax.mail\1.6.2\javax.mail-1.6.2.jar;C:\Users\thali\.m2\repository\javax\activation\activation\1.1\activation-1.1.jar;C:\Users\thali\.m2\repository\co\edu\unicauca\microkernel\plugins\mkCommon\mkCommon\1.0-SNAPSHOT\mkCommon-1.0-SNAPSHOT.jar;C:\Users\thali\.m2\repository\org\xerial\sqlite-jdbc\3.46.1.3\sqlite-jdbc-3.46.1.3.jar;C:\Users\thali\.m2\repository\org\junit\jupiter\junit-jupiter-api\5.6.0\junit-jupiter-api-5.6.0.jar;C:\Users\thali\.m2\repository\org\apiguardian\apiguardian-api\1.1.0\apiguardian-api-1.1.0.jar;C:\Users\thali\.m2\repository\org\opentest4j\opentest4j\1.2.0\opentest4j-1.2.0.jar;C:\Users\thali\.m2\repository\org\junit\platform\junit-platform-commons\1.6.0\junit-platform-commons-1.6.0.jar;C:\Users\thali\.m2\repository\org\junit\jupiter\junit-jupiter-engine\5.6.0\junit-jupiter-engine-5.6.0.jar;C:\Users\thali\.m2\repository\org\junit\platform\junit-platform-engine\1.6.0\junit-platform-engine-1.6.0.jar;"/>
    <property name="java.vm.vendor" value="Oracle Corporation"/>
    <property name="sun.arch.data.model" value="64"/>
    <property name="user.variant" value=""/>
    <property name="java.vendor.url" value="https://java.oracle.com/"/>
    <property name="user.timezone" value="America/Bogota"/>
    <property name="os.name" value="Windows 11"/>
    <property name="java.vm.specification.version" value="22"/>
    <property name="user.country" value="CO"/>
    <property name="sun.java.launcher" value="SUN_STANDARD"/>
    <property name="sun.boot.library.path" value="C:\Program Files\Java\jdk-22\bin"/>
    <property name="sun.java.command" value="C:\Users\thali\AppData\Local\Temp\surefire10430099401077768777\surefirebooter15918267282498057991.jar C:\Users\thali\AppData\Local\Temp\surefire10430099401077768777 2024-09-29T19-46-09_220-jvmRun1 surefire5515218373012697867tmp surefire_04287253005830873842tmp"/>
    <property name="jdk.debug" value="release"/>
    <property name="surefire.test.class.path" value="C:\Users\thali\OneDrive\Documentos\LAB_SOFTWARE_II\PROYECTO-LABORATORIO\aplicacion_CRUD_capas_mvc\aplicacion_capas_mvc\target\test-classes;C:\Users\thali\OneDrive\Documentos\LAB_SOFTWARE_II\PROYECTO-LABORATORIO\aplicacion_CRUD_capas_mvc\aplicacion_capas_mvc\target\classes;C:\Users\thali\.m2\repository\co\edu\unicauca\microkernel\plugins\mkPlugin\mkPlugin\1.0\mkPlugin-1.0.jar;C:\Users\thali\.m2\repository\com\sun\mail\javax.mail\1.6.2\javax.mail-1.6.2.jar;C:\Users\thali\.m2\repository\javax\activation\activation\1.1\activation-1.1.jar;C:\Users\thali\.m2\repository\co\edu\unicauca\microkernel\plugins\mkCommon\mkCommon\1.0-SNAPSHOT\mkCommon-1.0-SNAPSHOT.jar;C:\Users\thali\.m2\repository\org\xerial\sqlite-jdbc\3.46.1.3\sqlite-jdbc-3.46.1.3.jar;C:\Users\thali\.m2\repository\org\junit\jupiter\junit-jupiter-api\5.6.0\junit-jupiter-api-5.6.0.jar;C:\Users\thali\.m2\repository\org\apiguardian\apiguardian-api\1.1.0\apiguardian-api-1.1.0.jar;C:\Users\thali\.m2\repository\org\opentest4j\opentest4j\1.2.0\opentest4j-1.2.0.jar;C:\Users\thali\.m2\repository\org\junit\platform\junit-platform-commons\1.6.0\junit-platform-commons-1.6.0.jar;C:\Users\thali\.m2\repository\org\junit\jupiter\junit-jupiter-engine\5.6.0\junit-jupiter-engine-5.6.0.jar;C:\Users\thali\.m2\repository\org\junit\platform\junit-platform-engine\1.6.0\junit-platform-engine-1.6.0.jar;"/>
    <property name="sun.cpu.endian" value="little"/>
    <property name="user.home" value="C:\Users\thali"/>
    <property name="user.language" value="es"/>
    <property name="java.specification.vendor" value="Oracle Corporation"/>
    <property name="java.version.date" value="2024-07-16"/>
    <property name="java.home" value="C:\Program Files\Java\jdk-22"/>
    <property name="file.separator" value="\"/>
    <property name="basedir" value="C:\Users\thali\OneDrive\Documentos\LAB_SOFTWARE_II\PROYECTO-LABORATORIO\aplicacion_CRUD_capas_mvc\aplicacion_capas_mvc"/>
    <property name="java.vm.compressedOopsMode" value="Zero based"/>
    <property name="line.separator" value="&#10;"/>
    <property name="java.vm.specification.vendor" value="Oracle Corporation"/>
    <property name="java.specification.name" value="Java Platform API Specification"/>
    <property name="surefire.real.class.path" value="C:\Users\thali\AppData\Local\Temp\surefire10430099401077768777\surefirebooter15918267282498057991.jar"/>
    <property name="user.script" value=""/>
    <property name="sun.management.compiler" value="HotSpot 64-Bit Tiered Compilers"/>
    <property name="java.runtime.version" value="22.0.2+9-70"/>
    <property name="user.name" value="thali"/>
    <property name="stdout.encoding" value="Cp1252"/>
    <property name="path.separator" value=";"/>
    <property name="os.version" value="10.0"/>
    <property name="java.runtime.name" value="Java(TM) SE Runtime Environment"/>
    <property name="file.encoding" value="UTF-8"/>
    <property name="java.vm.name" value="Java HotSpot(TM) 64-Bit Server VM"/>
    <property name="maven.ext.class.path" value="C:\Program Files\NetBeans-22\netbeans\java\maven-nblib\netbeans-eventspy.jar"/>
    <property name="localRepository" value="C:\Users\thali\.m2\repository"/>
    <property name="java.vendor.url.bug" value="https://bugreport.java.com/bugreport/"/>
    <property name="java.io.tmpdir" value="C:\Users\thali\AppData\Local\Temp\"/>
    <property name="java.version" value="22.0.2"/>
    <property name="user.dir" value="C:\Users\thali\OneDrive\Documentos\LAB_SOFTWARE_II\PROYECTO-LABORATORIO\aplicacion_CRUD_capas_mvc\aplicacion_capas_mvc"/>
    <property name="os.arch" value="amd64"/>
    <property name="java.vm.specification.name" value="Java Virtual Machine Specification"/>
    <property name="sun.os.patch.level" value=""/>
    <property name="native.encoding" value="Cp1252"/>
    <property name="java.library.path" value="C:\Program Files\Java\jdk-22\bin;C:\Windows\Sun\Java\bin;C:\Windows\system32;C:\Windows;C:\Program Files\Common Files\Oracle\Java\javapath;C:\oracleXE\dbhomeXE\bin;C:\Windows\system32;C:\Windows;C:\Windows\System32\Wbem;C:\Windows\System32\WindowsPowerShell\v1.0\;C:\Windows\System32\OpenSSH\;C:\Program Files\dotnet\;C:\Program Files\MATLAB\R2024a\bin;C:\Program Files\Git\cmd;C:\mingw32\bin;C:\Users\thali\AppData\Local\Microsoft\WindowsApps;C:\Users\thali\.dotnet\tools;C:\Users\thali\AppData\Local\Programs\Microsoft VS Code\bin;C:\ProgramData\thali\atom\bin;C:\Users\thali\AppData\Local\GitHubDesktop\bin;."/>
    <property name="java.vm.info" value="mixed mode, sharing"/>
    <property name="stderr.encoding" value="Cp1252"/>
    <property name="java.vendor" value="Oracle Corporation"/>
    <property name="java.vm.version" value="22.0.2+9-70"/>
    <property name="sun.io.unicode.encoding" value="UnicodeLittle"/>
    <property name="java.class.version" value="66.0"/>
  </properties>
  <testcase name="testSendEmail" classname="co.edu.unicauca.mvc.plugins.envioEmailTest" time="4.478"/>
</testsuite>